<?xml version="1.0" encoding="UTF-8"?>
<testng-results ignored="0" total="7" passed="6" failed="1" skipped="0">
  <reporter-output>
  </reporter-output>
  <suite started-at="2021-02-23T14:27:57 IST" name="Suite" finished-at="2021-02-23T14:33:01 IST" duration-ms="304310">
    <groups>
    </groups>
    <test started-at="2021-02-23T14:27:57 IST" name="Test C" finished-at="2021-02-23T14:27:57 IST" duration-ms="199">
      <class name="testcases.TestC">
        <test-method signature="loginTest(java.lang.String, java.lang.String, java.lang.String)[pri:0, instance:testcases.TestC@5dd6264]" started-at="2021-02-23T14:27:57 IST" name="loginTest" data-provider="getData" finished-at="2021-02-23T14:27:57 IST" duration-ms="20" status="PASS">
          <params>
            <param index="0">
              <value>
                <![CDATA[User1]]>
              </value>
            </param>
            <param index="1">
              <value>
                <![CDATA[Pass1]]>
              </value>
            </param>
            <param index="2">
              <value>
                <![CDATA[Mozilla]]>
              </value>
            </param>
          </params>
          <reporter-output>
          </reporter-output>
        </test-method> <!-- loginTest -->
        <test-method signature="loginTest(java.lang.String, java.lang.String, java.lang.String)[pri:0, instance:testcases.TestC@5dd6264]" started-at="2021-02-23T14:27:57 IST" name="loginTest" data-provider="getData" finished-at="2021-02-23T14:27:57 IST" duration-ms="10" status="PASS">
          <params>
            <param index="0">
              <value>
                <![CDATA[User2]]>
              </value>
            </param>
            <param index="1">
              <value>
                <![CDATA[Pass2]]>
              </value>
            </param>
            <param index="2">
              <value>
                <![CDATA[Chrome]]>
              </value>
            </param>
          </params>
          <reporter-output>
          </reporter-output>
        </test-method> <!-- loginTest -->
      </class> <!-- testcases.TestC -->
    </test> <!-- Test C -->
    <test started-at="2021-02-23T14:27:57 IST" name="Test A" finished-at="2021-02-23T14:27:57 IST" duration-ms="161">
      <class name="testcases.TestA">
        <test-method signature="doLogin()[pri:1, instance:testcases.TestA@6293abcc]" started-at="2021-02-23T14:27:57 IST" name="doLogin" finished-at="2021-02-23T14:27:57 IST" duration-ms="27" status="PASS">
          <reporter-output>
          </reporter-output>
        </test-method> <!-- doLogin -->
        <test-method signature="doPasswordChange()[pri:2, instance:testcases.TestA@6293abcc]" started-at="2021-02-23T14:27:57 IST" name="doPasswordChange" finished-at="2021-02-23T14:27:57 IST" duration-ms="14" status="PASS">
          <reporter-output>
          </reporter-output>
        </test-method> <!-- doPasswordChange -->
        <test-method signature="doLogout()[pri:3, instance:testcases.TestA@6293abcc]" started-at="2021-02-23T14:27:57 IST" name="doLogout" finished-at="2021-02-23T14:27:57 IST" duration-ms="3" status="PASS">
          <reporter-output>
          </reporter-output>
        </test-method> <!-- doLogout -->
      </class> <!-- testcases.TestA -->
    </test> <!-- Test A -->
    <test started-at="2021-02-23T14:27:57 IST" name="Test B" finished-at="2021-02-23T14:27:57 IST" duration-ms="137">
      <class name="testcases.TestB">
        <test-method is-config="true" signature="before()[pri:0, instance:testcases.TestB@45b9a632]" started-at="2021-02-23T14:27:57 IST" name="before" finished-at="2021-02-23T14:27:57 IST" duration-ms="13" status="PASS">
          <reporter-output>
          </reporter-output>
        </test-method> <!-- before -->
        <test-method signature="testB()[pri:0, instance:testcases.TestB@45b9a632]" started-at="2021-02-23T14:27:57 IST" name="testB" finished-at="2021-02-23T14:27:57 IST" duration-ms="31" status="PASS">
          <reporter-output>
          </reporter-output>
        </test-method> <!-- testB -->
        <test-method is-config="true" signature="after()[pri:0, instance:testcases.TestB@45b9a632]" started-at="2021-02-23T14:27:57 IST" name="after" finished-at="2021-02-23T14:27:57 IST" duration-ms="0" status="PASS">
          <reporter-output>
          </reporter-output>
        </test-method> <!-- after -->
      </class> <!-- testcases.TestB -->
    </test> <!-- Test B -->
    <test started-at="2021-02-23T14:27:57 IST" name="ChromeBrowser" finished-at="2021-02-23T14:33:01 IST" duration-ms="304300">
      <class name="ChromeBrowser.LaunchApplication">
        <test-method signature="facebookTest()[pri:0, instance:ChromeBrowser.LaunchApplication@670002]" started-at="2021-02-23T14:27:57 IST" name="facebookTest" finished-at="2021-02-23T14:33:01 IST" duration-ms="304196" status="FAIL">
          <exception class="org.openqa.selenium.TimeoutException">
            <message>
              <![CDATA[timeout: Timed out receiving message from renderer: 293.583
  (Session info: chrome=88.0.4324.182)
Build info: version: '3.141.59', revision: 'e82be7d358', time: '2018-11-14T08:25:48'
System info: host: 'DESKTOP-BKRBQFL', ip: '192.168.43.109', os.name: 'Windows 10', os.arch: 'amd64', os.version: '10.0', java.version: '15.0.2'
Driver info: org.openqa.selenium.chrome.ChromeDriver
Capabilities {acceptInsecureCerts: false, browserName: chrome, browserVersion: 88.0.4324.182, chrome: {chromedriverVersion: 88.0.4324.96 (68dba2d8a0b14..., userDataDir: C:\Users\Zahera\AppData\Loc...}, goog:chromeOptions: {debuggerAddress: localhost:62592}, javascriptEnabled: true, networkConnectionEnabled: false, pageLoadStrategy: normal, platform: WINDOWS, platformName: WINDOWS, proxy: Proxy(), setWindowRect: true, strictFileInteractability: false, timeouts: {implicit: 0, pageLoad: 300000, script: 30000}, unhandledPromptBehavior: dismiss and notify, webauthn:extension:largeBlob: true, webauthn:virtualAuthenticators: true}
Session ID: 0502142bd03519d5c473852d99a6e20d]]>
            </message>
            <full-stacktrace>
              <![CDATA[org.openqa.selenium.TimeoutException: timeout: Timed out receiving message from renderer: 293.583
  (Session info: chrome=88.0.4324.182)
Build info: version: '3.141.59', revision: 'e82be7d358', time: '2018-11-14T08:25:48'
System info: host: 'DESKTOP-BKRBQFL', ip: '192.168.43.109', os.name: 'Windows 10', os.arch: 'amd64', os.version: '10.0', java.version: '15.0.2'
Driver info: org.openqa.selenium.chrome.ChromeDriver
Capabilities {acceptInsecureCerts: false, browserName: chrome, browserVersion: 88.0.4324.182, chrome: {chromedriverVersion: 88.0.4324.96 (68dba2d8a0b14..., userDataDir: C:\Users\Zahera\AppData\Loc...}, goog:chromeOptions: {debuggerAddress: localhost:62592}, javascriptEnabled: true, networkConnectionEnabled: false, pageLoadStrategy: normal, platform: WINDOWS, platformName: WINDOWS, proxy: Proxy(), setWindowRect: true, strictFileInteractability: false, timeouts: {implicit: 0, pageLoad: 300000, script: 30000}, unhandledPromptBehavior: dismiss and notify, webauthn:extension:largeBlob: true, webauthn:virtualAuthenticators: true}
Session ID: 0502142bd03519d5c473852d99a6e20d
at java.base/jdk.internal.reflect.NativeConstructorAccessorImpl.newInstance0(Native Method)
at java.base/jdk.internal.reflect.NativeConstructorAccessorImpl.newInstance(NativeConstructorAccessorImpl.java:64)
at java.base/jdk.internal.reflect.DelegatingConstructorAccessorImpl.newInstance(DelegatingConstructorAccessorImpl.java:45)
at java.base/java.lang.reflect.Constructor.newInstanceWithCaller(Constructor.java:500)
at java.base/java.lang.reflect.Constructor.newInstance(Constructor.java:481)
at org.openqa.selenium.remote.http.W3CHttpResponseCodec.createException(W3CHttpResponseCodec.java:187)
at org.openqa.selenium.remote.http.W3CHttpResponseCodec.decode(W3CHttpResponseCodec.java:122)
at org.openqa.selenium.remote.http.W3CHttpResponseCodec.decode(W3CHttpResponseCodec.java:49)
at org.openqa.selenium.remote.HttpCommandExecutor.execute(HttpCommandExecutor.java:158)
at org.openqa.selenium.remote.service.DriverCommandExecutor.execute(DriverCommandExecutor.java:83)
at org.openqa.selenium.remote.RemoteWebDriver.execute(RemoteWebDriver.java:552)
at org.openqa.selenium.remote.RemoteWebDriver.get(RemoteWebDriver.java:277)
at ChromeBrowser.LaunchApplication.facebookTest(LaunchApplication.java:52)
at java.base/jdk.internal.reflect.NativeMethodAccessorImpl.invoke0(Native Method)
at java.base/jdk.internal.reflect.NativeMethodAccessorImpl.invoke(NativeMethodAccessorImpl.java:64)
at java.base/jdk.internal.reflect.DelegatingMethodAccessorImpl.invoke(DelegatingMethodAccessorImpl.java:43)
at java.base/java.lang.reflect.Method.invoke(Method.java:564)
at org.testng.internal.MethodInvocationHelper.invokeMethod(MethodInvocationHelper.java:132)
at org.testng.internal.TestInvoker.invokeMethod(TestInvoker.java:599)
at org.testng.internal.TestInvoker.invokeTestMethod(TestInvoker.java:174)
at org.testng.internal.MethodRunner.runInSequence(MethodRunner.java:46)
at org.testng.internal.TestInvoker$MethodInvocationAgent.invoke(TestInvoker.java:822)
at org.testng.internal.TestInvoker.invokeTestMethods(TestInvoker.java:147)
at org.testng.internal.TestMethodWorker.invokeTestMethods(TestMethodWorker.java:146)
at org.testng.internal.TestMethodWorker.run(TestMethodWorker.java:128)
at java.base/java.util.ArrayList.forEach(ArrayList.java:1511)
at org.testng.TestRunner.privateRun(TestRunner.java:764)
at org.testng.TestRunner.run(TestRunner.java:585)
at org.testng.SuiteRunner.runTest(SuiteRunner.java:384)
at org.testng.SuiteRunner.access$000(SuiteRunner.java:28)
at org.testng.SuiteRunner$SuiteWorker.run(SuiteRunner.java:425)
at org.testng.internal.thread.ThreadUtil.lambda$execute$0(ThreadUtil.java:66)
at java.base/java.util.concurrent.FutureTask.run(FutureTask.java:264)
at java.base/java.util.concurrent.ThreadPoolExecutor.runWorker(ThreadPoolExecutor.java:1130)
at java.base/java.util.concurrent.ThreadPoolExecutor$Worker.run(ThreadPoolExecutor.java:630)
at java.base/java.lang.Thread.run(Thread.java:832)
]]>
            </full-stacktrace>
          </exception> <!-- org.openqa.selenium.TimeoutException -->
          <reporter-output>
          </reporter-output>
        </test-method> <!-- facebookTest -->
      </class> <!-- ChromeBrowser.LaunchApplication -->
    </test> <!-- ChromeBrowser -->
  </suite> <!-- Suite -->
</testng-results>
